<?xml version="1.0" encoding="UTF-8"?>
<!-- Generated by org.testng.reporters.JUnitReportReporter -->
<testsuite hostname="LAPTOP-4I1PL9LR" failures="0" tests="1" name="pack2.NewTest" time="2.485" errors="0" timestamp="2022-01-03T22:22:06 IST" skipped="0">
  <testcase classname="pack2.NewTest" name="f" time="2.485"/>
  <system-out/>
</testsuite> <!-- pack2.NewTest -->
